<?xml version="1.0" encoding="UTF-8"?>
<!-- Generated by org.testng.reporters.JUnitReportReporter -->
<testsuite skipped="0" hostname="Bharats-MacBook-Pro.local" name="com.masteringselenium.BasicTestWD" tests="2" failures="0" timestamp="27 Jul 2017 00:11:14 GMT" time="9.936" errors="0">
  <testcase name="googleCheeseSearch" time="5.004" classname="com.masteringselenium.BasicTestWD"/>
  <testcase name="googleMilkSearch" time="4.932" classname="com.masteringselenium.BasicTestWD"/>
</testsuite> <!-- com.masteringselenium.BasicTestWD -->
