<?xml version="1.0" encoding="UTF-8"?>
<!-- Generated by org.testng.reporters.JUnitReportReporter -->
<testsuite skipped="0" hostname="Bharats-MacBook-Pro.local" name="com.masteringselenium.BasicTest" tests="2" failures="0" timestamp="26 Jul 2017 01:38:11 GMT" time="10.240" errors="0">
  <testcase name="googleCheeseSearch" time="5.614" classname="com.masteringselenium.BasicTest"/>
  <testcase name="googleMilkSearch" time="4.626" classname="com.masteringselenium.BasicTest"/>
</testsuite> <!-- com.masteringselenium.BasicTest -->
